<?xml version="1.0" encoding="UTF-8"?>
<!-- Generated by org.testng.reporters.JUnitReportReporter -->
<testsuite hostname="DESKTOP-VKDEH0D" failures="0" tests="1" name="stateSecretaryExecutePageClass.TournamentMasterExecuteTestClass" time="20.686" errors="0" timestamp="2022-12-27T10:33:22 IST" skipped="0">
  <testcase classname="stateSecretaryExecutePageClass.TournamentMasterExecuteTestClass" name="verifyStateSecretaryCanCreateTournamentsOrNot" time="20.686"/>
  <system-out/>
</testsuite> <!-- stateSecretaryExecutePageClass.TournamentMasterExecuteTestClass -->
