<?xml version="1.0" encoding="UTF-8"?>
<!-- Generated by org.testng.reporters.JUnitReportReporter -->
<testsuite hostname="DESKTOP-VKDEH0D" failures="0" tests="4" name="clubExecutePageClass.ClubLoginPageExecuteTestClass" time="26.022" errors="0" timestamp="2022-12-30T10:11:52 IST" skipped="0">
  <testcase classname="clubExecutePageClass.ClubLoginPageExecuteTestClass" name="verifywithInvaliUserNameAndInValidPassword" time="5.766"/>
  <system-out/>
  <testcase classname="clubExecutePageClass.ClubLoginPageExecuteTestClass" name="verifywithInvaliUserNameAndValidPassword" time="6.000"/>
  <system-out/>
  <testcase classname="clubExecutePageClass.ClubLoginPageExecuteTestClass" name="verifywithvaliUserNameAndInValidPassword" time="5.419"/>
  <system-out/>
  <testcase classname="clubExecutePageClass.ClubLoginPageExecuteTestClass" name="verifySuccessulLogin" time="8.837"/>
  <system-out/>
</testsuite> <!-- clubExecutePageClass.ClubLoginPageExecuteTestClass -->
