<?xml version="1.0" encoding="UTF-8"?>
<!-- Generated by org.testng.reporters.JUnitReportReporter -->
<testsuite hostname="DESKTOP-VKDEH0D" failures="0" tests="3" name="districtSecretaryExecutePageClass.PlayerApprovalPageExecuteTestClass" time="57.411" errors="0" timestamp="2022-12-30T10:11:52 IST" skipped="0">
  <testcase classname="districtSecretaryExecutePageClass.PlayerApprovalPageExecuteTestClass" name="verifywithClubRegistredPlayerApproval" time="21.332"/>
  <system-out/>
  <testcase classname="districtSecretaryExecutePageClass.PlayerApprovalPageExecuteTestClass" name="verifywithMoreInfoButton" time="15.477"/>
  <system-out/>
  <testcase classname="districtSecretaryExecutePageClass.PlayerApprovalPageExecuteTestClass" name="verifywithSelfRegistredPlayerApproval" time="20.602"/>
  <system-out/>
</testsuite> <!-- districtSecretaryExecutePageClass.PlayerApprovalPageExecuteTestClass -->
