<?xml version="1.0" encoding="UTF-8"?>
<!-- Generated by org.testng.reporters.JUnitReportReporter -->
<testsuite hostname="DESKTOP-VKDEH0D" failures="0" tests="2" name="clubExecutePageClass.PlayerApprovalPageExecuteTestClass" time="22.840" errors="0" timestamp="2023-01-30T16:38:08 IST" skipped="0">
  <testcase classname="clubExecutePageClass.PlayerApprovalPageExecuteTestClass" name="verifyWithClickOnMoreInfoButton" time="9.862"/>
  <system-out/>
  <testcase classname="clubExecutePageClass.PlayerApprovalPageExecuteTestClass" name="verifyWithSelfRegisteredPlayerApproval" time="12.978"/>
  <system-out/>
</testsuite> <!-- clubExecutePageClass.PlayerApprovalPageExecuteTestClass -->
