<?xml version="1.0" encoding="UTF-8"?>
<!-- Generated by org.testng.reporters.JUnitReportReporter -->
<testsuite hostname="DESKTOP-VKDEH0D" failures="0" tests="1" name="clubExecutePageClass.PlayerRegistrationPageExecuteTestClass" time="54.323" errors="0" timestamp="2023-01-30T16:38:08 IST" skipped="0">
  <testcase classname="clubExecutePageClass.PlayerRegistrationPageExecuteTestClass" name="verifyClubCanDoPlayerRegistrationOrNot" time="54.323"/>
  <system-out/>
</testsuite> <!-- clubExecutePageClass.PlayerRegistrationPageExecuteTestClass -->
