<?xml version="1.0" encoding="UTF-8"?>
<!-- Generated by org.testng.reporters.JUnitReportReporter -->
<testsuite hostname="DESKTOP-VKDEH0D" failures="0" tests="7" name="stateSecretaryExecutePageClass.TournamentApprovalPageExecuteTestClass" time="257.243" errors="0" timestamp="2023-01-30T16:38:08 IST" skipped="0">
  <testcase classname="stateSecretaryExecutePageClass.TournamentApprovalPageExecuteTestClass" name="toVerfyStateScretaryCanDoDoublesNationalLevelPartnerWithinTheClubTournamentApprovalThatEnrollByClub" time="40.338"/>
  <system-out/>
  <testcase classname="stateSecretaryExecutePageClass.TournamentApprovalPageExecuteTestClass" name="toVerfyStateScretaryCanDoOutSideClubMixedDoublesNationalLevelTournamentApprovalThatEnrollByClub" time="35.856"/>
  <system-out/>
  <testcase classname="stateSecretaryExecutePageClass.TournamentApprovalPageExecuteTestClass" name="toVerfyStateScretaryCanDoWithinClubMixedDoublesNationalLevelTournamentApprovalThatEnrollByClub" time="35.959"/>
  <system-out/>
  <testcase classname="stateSecretaryExecutePageClass.TournamentApprovalPageExecuteTestClass" name="toVerfyStateScretaryCanDoDoublesNationalLevelPartnerOutsideTheClubTournamentApprovalThatEnrollByClub" time="39.218"/>
  <system-out/>
  <testcase classname="stateSecretaryExecutePageClass.TournamentApprovalPageExecuteTestClass" name="toVerfyStateScretaryCanDoSinglesNationalLevelTournamentApprovalThatEnrollByClub" time="34.466"/>
  <system-out/>
  <testcase classname="stateSecretaryExecutePageClass.TournamentApprovalPageExecuteTestClass" name="toVerfyStateScretaryCanDoDoublesNationalLevelPartnerOutsideKeralaTournamentApprovalThatEnrollByClub" time="37.464"/>
  <system-out/>
  <testcase classname="stateSecretaryExecutePageClass.TournamentApprovalPageExecuteTestClass" name="toVerfyStateScretaryCanDoOutSideKeralaMixedDoublesNationalLevelTournamentApprovalThatEnrollByClub" time="33.942"/>
  <system-out/>
</testsuite> <!-- stateSecretaryExecutePageClass.TournamentApprovalPageExecuteTestClass -->
