<?xml version="1.0" encoding="UTF-8"?>
<!-- Generated by org.testng.reporters.JUnitReportReporter -->
<testsuite hostname="DESKTOP-VKDEH0D" failures="0" tests="1" name="homePageExecutePageClass.ClubSelfRegistrationExecuteTestClass" time="51.712" errors="0" timestamp="2023-01-31T13:06:17 IST" skipped="0">
  <testcase classname="homePageExecutePageClass.ClubSelfRegistrationExecuteTestClass" name="verifyWithClubCanDoSelfRegistration" time="51.712"/>
  <system-out/>
</testsuite> <!-- homePageExecutePageClass.ClubSelfRegistrationExecuteTestClass -->
