<?xml version="1.0" encoding="UTF-8"?>
<!-- Generated by org.testng.reporters.JUnitReportReporter -->
<testsuite hostname="DESKTOP-VKDEH0D" failures="0" tests="3" name="districtSecretaryExecutePageClass.ClubMasterPageExecuteTestClass" time="61.778" errors="0" timestamp="2023-01-30T16:38:08 IST" skipped="0">
  <testcase classname="districtSecretaryExecutePageClass.ClubMasterPageExecuteTestClass" name="verifyClubRegistration" time="14.400"/>
  <system-out/>
  <testcase classname="districtSecretaryExecutePageClass.ClubMasterPageExecuteTestClass" name="verifyEditClubRegistration" time="29.290"/>
  <system-out/>
  <testcase classname="districtSecretaryExecutePageClass.ClubMasterPageExecuteTestClass" name="verifyDeleteClubRegistration" time="18.088"/>
  <system-out/>
</testsuite> <!-- districtSecretaryExecutePageClass.ClubMasterPageExecuteTestClass -->
