<?xml version="1.0" encoding="UTF-8"?>
<!-- Generated by org.testng.reporters.JUnitReportReporter -->
<testsuite hostname="DESKTOP-VKDEH0D" failures="0" tests="3" name="stateSecretaryExecutePageClass.TournamentTypeMasterExecuteTestClass" time="53.514" errors="0" timestamp="2023-01-30T16:38:08 IST" skipped="0">
  <testcase classname="stateSecretaryExecutePageClass.TournamentTypeMasterExecuteTestClass" name="verifyStateSecretaryCanCreateTournamentType" time="11.124"/>
  <system-out/>
  <testcase classname="stateSecretaryExecutePageClass.TournamentTypeMasterExecuteTestClass" name="verifyStateSecretaryCanEditTournamentTypeName" time="21.184"/>
  <system-out/>
  <testcase classname="stateSecretaryExecutePageClass.TournamentTypeMasterExecuteTestClass" name="verifyStateSecretaryCanDeleteTournamentTypeName" time="21.206"/>
  <system-out/>
</testsuite> <!-- stateSecretaryExecutePageClass.TournamentTypeMasterExecuteTestClass -->
