<?xml version="1.0" encoding="UTF-8"?>
<!-- Generated by org.testng.reporters.JUnitReportReporter -->
<testsuite hostname="DESKTOP-VKDEH0D" failures="0" tests="5" name="stateSecretaryExecutePageClass.LoginPageExecuteTestClass" time="29.986" errors="0" timestamp="2022-12-30T10:11:52 IST" skipped="0">
  <testcase classname="stateSecretaryExecutePageClass.LoginPageExecuteTestClass" name="verifyLoginwithValidUserNameAndValidPassword" time="7.552"/>
  <system-out/>
  <testcase classname="stateSecretaryExecutePageClass.LoginPageExecuteTestClass" name="verifyLoginWithInvalidUsernameAndValidPassword" time="6.835"/>
  <system-out/>
  <testcase classname="stateSecretaryExecutePageClass.LoginPageExecuteTestClass" name="verifyLoginwithValidUsernameandInvalidPassword" time="5.505"/>
  <system-out/>
  <testcase classname="stateSecretaryExecutePageClass.LoginPageExecuteTestClass" name="verifyLoginwithInValidUsernameandInvalidPassword" time="5.233"/>
  <system-out/>
  <testcase classname="stateSecretaryExecutePageClass.LoginPageExecuteTestClass" name="verifyDashBoardPageVisibleOrNot" time="4.861"/>
  <system-out/>
</testsuite> <!-- stateSecretaryExecutePageClass.LoginPageExecuteTestClass -->
