<?xml version="1.0" encoding="UTF-8"?>
<!-- Generated by org.testng.reporters.JUnitReportReporter -->
<testsuite hostname="DESKTOP-VKDEH0D" failures="0" tests="3" name="stateSecretaryExecutePageClass.ExeutePlayerRegistrationTestClass" time="109.777" errors="0" timestamp="2022-12-21T14:41:58 IST" skipped="0">
  <testcase classname="stateSecretaryExecutePageClass.ExeutePlayerRegistrationTestClass" name="verifyWhetherTheSecretaryCanRegisterNewPlayerOrNot" time="37.635"/>
  <system-out/>
  <testcase classname="stateSecretaryExecutePageClass.ExeutePlayerRegistrationTestClass" name="verifyWhetherTheSecretaryCanEditSavedPlayer" time="45.922"/>
  <system-out/>
  <testcase classname="stateSecretaryExecutePageClass.ExeutePlayerRegistrationTestClass" name="verifyWhetherTheSecretaryCanDeleteSavedPlayer" time="26.220"/>
  <system-out/>
</testsuite> <!-- stateSecretaryExecutePageClass.ExeutePlayerRegistrationTestClass -->
