<?xml version="1.0" encoding="UTF-8"?>
<!-- Generated by org.testng.reporters.JUnitReportReporter -->
<testsuite hostname="DESKTOP-VKDEH0D" failures="0" tests="4" name="districtSecretaryExecutePageClass.DistrictSecretaryLoginPageExecuteTestClass" time="22.239" errors="0" timestamp="2022-12-30T10:11:52 IST" skipped="0">
  <testcase classname="districtSecretaryExecutePageClass.DistrictSecretaryLoginPageExecuteTestClass" name="verifywithSuccessfulLogin" time="5.206"/>
  <system-out/>
  <testcase classname="districtSecretaryExecutePageClass.DistrictSecretaryLoginPageExecuteTestClass" name="verifywithInvalidUserNameAndValidPassWordfulLogin" time="5.065"/>
  <system-out/>
  <testcase classname="districtSecretaryExecutePageClass.DistrictSecretaryLoginPageExecuteTestClass" name="verifywithValidUserNameAndInValidPassWordfulLogin" time="6.668"/>
  <system-out/>
  <testcase classname="districtSecretaryExecutePageClass.DistrictSecretaryLoginPageExecuteTestClass" name="verifywithInValidUserNameAndInValidPassWordfulLogin" time="5.300"/>
  <system-out/>
</testsuite> <!-- districtSecretaryExecutePageClass.DistrictSecretaryLoginPageExecuteTestClass -->
