<?xml version="1.0" encoding="UTF-8"?>
<!-- Generated by org.testng.reporters.JUnitReportReporter -->
<testsuite hostname="DESKTOP-VKDEH0D" failures="0" tests="1" name="stateSecretaryExecutePageClass.ExecuteDashBoardTestClass" time="10.128" errors="0" timestamp="2022-11-25T18:39:45 IST" skipped="0">
  <testcase classname="stateSecretaryExecutePageClass.ExecuteDashBoardTestClass" name="verifyDashBoardPageVisibleOrNot" time="10.128"/>
  <system-out/>
</testsuite> <!-- stateSecretaryExecutePageClass.ExecuteDashBoardTestClass -->
