<?xml version="1.0" encoding="UTF-8"?>
<!-- Generated by org.testng.reporters.JUnitReportReporter -->
<testsuite hostname="DESKTOP-VKDEH0D" failures="0" tests="1" name="districtSecretaryExecutePageClass.PlayerRegistrationExecuteTestClass" time="60.798" errors="0" timestamp="2023-01-30T16:38:08 IST" skipped="0">
  <testcase classname="districtSecretaryExecutePageClass.PlayerRegistrationExecuteTestClass" name="verifyWithPlayerRegistration" time="60.798"/>
  <system-out/>
</testsuite> <!-- districtSecretaryExecutePageClass.PlayerRegistrationExecuteTestClass -->
