<?xml version="1.0" encoding="UTF-8"?>
<!-- Generated by org.testng.reporters.JUnitReportReporter -->
<testsuite hostname="DESKTOP-VKDEH0D" failures="0" tests="1" name="districtSecretaryExecutePageClass.ClubApprovalPageExecuteTestClass" time="26.468" errors="0" timestamp="2022-12-30T17:20:08 IST" skipped="0">
  <testcase classname="districtSecretaryExecutePageClass.ClubApprovalPageExecuteTestClass" name="verifyDistrictSecretaryCanApproveClubRegistration" time="26.468"/>
  <system-out/>
</testsuite> <!-- districtSecretaryExecutePageClass.ClubApprovalPageExecuteTestClass -->
