<?xml version="1.0" encoding="UTF-8"?>
<!-- Generated by org.testng.reporters.JUnitReportReporter -->
<testsuite hostname="DESKTOP-VKDEH0D" failures="0" tests="3" name="stateSecretaryExecutePageClass.PlayerRegistrationExecuteTestClass" time="84.774" errors="0" timestamp="2023-01-30T16:38:08 IST" skipped="0">
  <testcase classname="stateSecretaryExecutePageClass.PlayerRegistrationExecuteTestClass" name="verifyWhetherTheSecretaryCanRegisterNewPlayerOrNot" time="27.598"/>
  <system-out/>
  <testcase classname="stateSecretaryExecutePageClass.PlayerRegistrationExecuteTestClass" name="verifyWhetherTheSecretaryCanEditSavedPlayer" time="36.219"/>
  <system-out/>
  <testcase classname="stateSecretaryExecutePageClass.PlayerRegistrationExecuteTestClass" name="verifyWhetherTheSecretaryCanDeleteSavedPlayer" time="20.957"/>
  <system-out/>
</testsuite> <!-- stateSecretaryExecutePageClass.PlayerRegistrationExecuteTestClass -->
