<?xml version="1.0" encoding="UTF-8"?>
<!-- Generated by org.testng.reporters.JUnitReportReporter -->
<testsuite hostname="DESKTOP-VKDEH0D" failures="0" tests="1" name="stateSecretaryExecutePageClass.StateSecretaryExecuteLoginPageClass" time="4.870" errors="0" timestamp="2022-11-22T14:59:13 IST" skipped="0">
  <testcase classname="stateSecretaryExecutePageClass.StateSecretaryExecuteLoginPageClass" name="verifyLoginPageIsVisibleWhileLaunchingTheApplication" time="4.870"/>
  <system-out/>
</testsuite> <!-- stateSecretaryExecutePageClass.StateSecretaryExecuteLoginPageClass -->
