<?xml version="1.0" encoding="UTF-8"?>
<!-- Generated by org.testng.reporters.JUnitReportReporter -->
<testsuite hostname="DESKTOP-VKDEH0D" failures="0" tests="1" name="districtSecretaryExecutePageClass.TournamentMasterPageExecuteTestClass" time="0.049" errors="0" timestamp="2023-01-30T18:01:23 IST" skipped="0">
  <testcase classname="districtSecretaryExecutePageClass.TournamentMasterPageExecuteTestClass" name="toVerifyDistrictSecretarycancreateDistrictLevelnewtournamentornot" time="0.049"/>
  <system-out/>
</testsuite> <!-- districtSecretaryExecutePageClass.TournamentMasterPageExecuteTestClass -->
