<?xml version="1.0" encoding="UTF-8"?>
<!-- Generated by org.testng.reporters.JUnitReportReporter -->
<testsuite hostname="DESKTOP-VKDEH0D" failures="0" tests="3" name="stateSecretaryExecutePageClass.PlayerRegistrationExecuteTestClass" time="82.691" errors="0" timestamp="2022-12-30T10:11:52 IST" skipped="0">
  <testcase classname="stateSecretaryExecutePageClass.PlayerRegistrationExecuteTestClass" name="verifyWhetherTheSecretaryCanRegisterNewPlayerOrNot" time="28.593"/>
  <system-out/>
  <testcase classname="stateSecretaryExecutePageClass.PlayerRegistrationExecuteTestClass" name="verifyWhetherTheSecretaryCanEditSavedPlayer" time="34.332"/>
  <system-out/>
  <testcase classname="stateSecretaryExecutePageClass.PlayerRegistrationExecuteTestClass" name="verifyWhetherTheSecretaryCanDeleteSavedPlayer" time="19.766"/>
  <system-out/>
</testsuite> <!-- stateSecretaryExecutePageClass.PlayerRegistrationExecuteTestClass -->
