<?xml version="1.0" encoding="UTF-8"?>
<!-- Generated by org.testng.reporters.JUnitReportReporter -->
<testsuite hostname="DESKTOP-VKDEH0D" failures="0" tests="17" name="clubExecutePageClass.TournamentEntryPageExecuteTestClass" time="898.384" errors="0" timestamp="2023-01-30T16:38:08 IST" skipped="0">
  <testcase classname="clubExecutePageClass.TournamentEntryPageExecuteTestClass" name="toVerifyClubCanDoStateLevelSinglesTournamentsEnrolment" time="43.442"/>
  <system-out/>
  <testcase classname="clubExecutePageClass.TournamentEntryPageExecuteTestClass" name="toVerifyClubCanDoStateLevelDoublesTournamentsPartnerWithinTheClubEnrolment" time="45.651"/>
  <system-out/>
  <testcase classname="clubExecutePageClass.TournamentEntryPageExecuteTestClass" name="toVerifyClubCanDoStateLevelDoublesPartnerOutsideClubTournamentsEnrolment" time="50.254"/>
  <system-out/>
  <testcase classname="clubExecutePageClass.TournamentEntryPageExecuteTestClass" name="toVerifyStateLevelMixedDoublesWithinTheClubTournamentsEnrolment" time="49.552"/>
  <system-out/>
  <testcase classname="clubExecutePageClass.TournamentEntryPageExecuteTestClass" name="toVerifyOutSideClubStateLevelMixedDoublesOutsideClubEnrolment" time="54.547"/>
  <system-out/>
  <testcase classname="clubExecutePageClass.TournamentEntryPageExecuteTestClass" name="toVerifyClubCanDoDistrictLevelSinglesTournamentsEnrolment" time="50.190"/>
  <system-out/>
  <testcase classname="clubExecutePageClass.TournamentEntryPageExecuteTestClass" name="toVerifyClubCanDoDistrictLevelDoublesTournamentsPartnerWithinTheClubEnrolment" time="48.623"/>
  <system-out/>
  <testcase classname="clubExecutePageClass.TournamentEntryPageExecuteTestClass" name="toVerifyClubCanDoDistrictLevelDoublesTournamentsPartnerOutSideTheClubEnrolment" time="54.544"/>
  <system-out/>
  <testcase classname="clubExecutePageClass.TournamentEntryPageExecuteTestClass" name="toVerifyClubCanDoMixedDoublesDistrictLevelTournamentpartnerWithinTheClubEnrolment" time="55.063"/>
  <system-out/>
  <testcase classname="clubExecutePageClass.TournamentEntryPageExecuteTestClass" name="toVerifyClubCanDoMixedDoublesDistrictLevelTournamentpartnerWithinTheClubPartnerOutSideTheClubEnrolment" time="57.734"/>
  <system-out/>
  <testcase classname="clubExecutePageClass.TournamentEntryPageExecuteTestClass" name="toVerifyClubCanDoNationalLevelSinglesTournamentEnrolment" time="49.471"/>
  <system-out/>
  <testcase classname="clubExecutePageClass.TournamentEntryPageExecuteTestClass" name="toVerifyClubCanDoNationalLevelDoublesTournamentsWithinTheClubEnrolment" time="55.875"/>
  <system-out/>
  <testcase classname="clubExecutePageClass.TournamentEntryPageExecuteTestClass" name="toVerifyClubCanDoNationalLevelDoublesTournamentsOutSideTheClubEnrolment" time="64.135"/>
  <system-out/>
  <testcase classname="clubExecutePageClass.TournamentEntryPageExecuteTestClass" name="toVerifyClubCanDoNationalLevelDoublesTournamentsOutSideTheKeralaEnrolment" time="57.189"/>
  <system-out/>
  <testcase classname="clubExecutePageClass.TournamentEntryPageExecuteTestClass" name="toVerifyClubCanDoNationalLevelMixedDoublesTournamentsWithinTheClubEnrolment" time="52.440"/>
  <system-out/>
  <testcase classname="clubExecutePageClass.TournamentEntryPageExecuteTestClass" name="toVerifyClubCanDoNationalLevelMixedDoublesTournamentsOutsideTheClubEnrolment" time="56.987"/>
  <system-out/>
  <testcase classname="clubExecutePageClass.TournamentEntryPageExecuteTestClass" name="toVerifyClubCanDoNationalLevelMixedDoublesTournamentsOutsideKeralaEnrolment" time="52.687"/>
  <system-out/>
</testsuite> <!-- clubExecutePageClass.TournamentEntryPageExecuteTestClass -->
