<?xml version="1.0" encoding="UTF-8"?>
<!-- Generated by org.testng.reporters.JUnitReportReporter -->
<testsuite hostname="DESKTOP-VKDEH0D" failures="0" tests="1" name="executePageclasses.StateSecretaryExecuteLoginPage" time="7.107" errors="0" timestamp="2022-11-18T10:02:07 GMT" skipped="0">
  <testcase classname="executePageclasses.StateSecretaryExecuteLoginPage" name="veryfyLoginwithValidUserNameAndValidPassword" time="7.107"/>
  <system-out/>
</testsuite> <!-- executePageclasses.StateSecretaryExecuteLoginPage -->
