<?xml version="1.0" encoding="UTF-8"?>
<!-- Generated by org.testng.reporters.JUnitReportReporter -->
<testsuite hostname="DESKTOP-VKDEH0D" failures="0" tests="3" name="stateSecretaryExecutePageClass.EventCategoryExecuteTestClass" time="79.132" errors="0" timestamp="2023-01-30T16:38:08 IST" skipped="0">
  <testcase classname="stateSecretaryExecutePageClass.EventCategoryExecuteTestClass" name="verifyStateSecretaryCanCreateSinglesEvent" time="24.708"/>
  <system-out/>
  <testcase classname="stateSecretaryExecutePageClass.EventCategoryExecuteTestClass" name="verifyStateSecretaryCanCreateDoublesEvent" time="27.131"/>
  <system-out/>
  <testcase classname="stateSecretaryExecutePageClass.EventCategoryExecuteTestClass" name="verifyStateSecretaryCanCreateMixedDoublesEvent" time="27.293"/>
  <system-out/>
</testsuite> <!-- stateSecretaryExecutePageClass.EventCategoryExecuteTestClass -->
