<?xml version="1.0" encoding="UTF-8"?>
<!-- Generated by org.testng.reporters.JUnitReportReporter -->
<testsuite hostname="DESKTOP-VKDEH0D" failures="0" tests="2" name="clubExecutePageClass.PlayerApprovalPageExecuteTestClass" time="41.041" errors="0" timestamp="2022-12-30T10:11:52 IST" skipped="0">
  <testcase classname="clubExecutePageClass.PlayerApprovalPageExecuteTestClass" name="verifyWithClickOnMoreInfoButton" time="17.032"/>
  <system-out/>
  <testcase classname="clubExecutePageClass.PlayerApprovalPageExecuteTestClass" name="verifyWithSelfRegisteredPlayerApproval" time="24.009"/>
  <system-out/>
</testsuite> <!-- clubExecutePageClass.PlayerApprovalPageExecuteTestClass -->
