<?xml version="1.0" encoding="UTF-8"?>
<!-- Generated by org.testng.reporters.JUnitReportReporter -->
<testsuite hostname="DESKTOP-VKDEH0D" failures="0" tests="1" name="clubExecutePageClass.PlayerRegistrationPageExecuteTestClass" time="58.522" errors="0" timestamp="2022-12-30T10:11:52 IST" skipped="0">
  <testcase classname="clubExecutePageClass.PlayerRegistrationPageExecuteTestClass" name="verifyClubCanDoPlayerRegistrationOrNot" time="58.522"/>
  <system-out/>
</testsuite> <!-- clubExecutePageClass.PlayerRegistrationPageExecuteTestClass -->
