<?xml version="1.0" encoding="UTF-8"?>
<!-- Generated by org.testng.reporters.JUnitReportReporter -->
<testsuite hostname="DESKTOP-VKDEH0D" failures="0" tests="1" name="stateSecretaryExecutePageClass.ClubApprovalExecuteTestClass" time="34.278" errors="0" timestamp="2023-01-30T16:43:43 IST" skipped="0">
  <testcase classname="stateSecretaryExecutePageClass.ClubApprovalExecuteTestClass" name="verifySelfRegisteredClubApproval" time="34.278"/>
  <system-out/>
</testsuite> <!-- stateSecretaryExecutePageClass.ClubApprovalExecuteTestClass -->
