<?xml version="1.0" encoding="UTF-8"?>
<!-- Generated by org.testng.reporters.JUnitReportReporter -->
<testsuite hostname="DESKTOP-VKDEH0D" failures="0" tests="3" name="stateSecretaryExecutePageClass.TournamentMasterExecuteTestClass" time="204.961" errors="0" timestamp="2023-01-30T16:38:08 IST" skipped="0">
  <testcase classname="stateSecretaryExecutePageClass.TournamentMasterExecuteTestClass" name="verifyStateSecretaryCanCreateStateTournamentsOrNot" time="67.455"/>
  <system-out/>
  <testcase classname="stateSecretaryExecutePageClass.TournamentMasterExecuteTestClass" name="verifyStateSecretaryCanCreateDistrictTournamentsOrNot" time="70.386"/>
  <system-out/>
  <testcase classname="stateSecretaryExecutePageClass.TournamentMasterExecuteTestClass" name="verifyStateSecretaryCanCreateNationalTournamentsOrNot" time="67.120"/>
  <system-out/>
</testsuite> <!-- stateSecretaryExecutePageClass.TournamentMasterExecuteTestClass -->
