<?xml version="1.0" encoding="UTF-8"?>
<!-- Generated by org.testng.reporters.JUnitReportReporter -->
<testsuite hostname="DESKTOP-VKDEH0D" failures="0" tests="1" name="districtSecretaryExecutePageClass.DistrictSecretaryLoginPageExecuteTestClass" time="14.487" errors="0" timestamp="2023-01-31T15:43:01 IST" skipped="0">
  <testcase classname="districtSecretaryExecutePageClass.DistrictSecretaryLoginPageExecuteTestClass" name="verifywithSuccessfulLogin" time="14.487"/>
  <system-out/>
</testsuite> <!-- districtSecretaryExecutePageClass.DistrictSecretaryLoginPageExecuteTestClass -->
