<?xml version="1.0" encoding="UTF-8"?>
<!-- Generated by org.testng.reporters.JUnitReportReporter -->
<testsuite hostname="DESKTOP-VKDEH0D" failures="0" tests="1" name="clubExecutePageClass.ClubLoginPageExecuteTestClass" time="15.482" errors="0" timestamp="2023-01-31T15:42:32 IST" skipped="0">
  <testcase classname="clubExecutePageClass.ClubLoginPageExecuteTestClass" name="verifySuccessulLogin" time="15.482"/>
  <system-out/>
</testsuite> <!-- clubExecutePageClass.ClubLoginPageExecuteTestClass -->
