<?xml version="1.0" encoding="UTF-8"?>
<!-- Generated by org.testng.reporters.JUnitReportReporter -->
<testsuite hostname="DESKTOP-VKDEH0D" failures="0" tests="3" name="stateSecretaryExecutePageClass.ClubMasterExecuteTestClass" time="66.104" errors="0" timestamp="2023-01-30T16:38:08 IST" skipped="0">
  <testcase classname="stateSecretaryExecutePageClass.ClubMasterExecuteTestClass" name="verifyClubCreation" time="14.794"/>
  <system-out/>
  <testcase classname="stateSecretaryExecutePageClass.ClubMasterExecuteTestClass" name="verifyEditClubRegistration" time="30.534"/>
  <system-out/>
  <testcase classname="stateSecretaryExecutePageClass.ClubMasterExecuteTestClass" name="verifyDeleteClubRegistration" time="20.776"/>
  <system-out/>
</testsuite> <!-- stateSecretaryExecutePageClass.ClubMasterExecuteTestClass -->
