<?xml version="1.0" encoding="UTF-8"?>
<!-- Generated by org.testng.reporters.JUnitReportReporter -->
<testsuite hostname="DESKTOP-VKDEH0D" failures="0" tests="3" name="districtSecretaryExecutePageClass.PlayerApprovalPageExecuteTestClass" time="81.511" errors="0" timestamp="2023-01-30T16:38:08 IST" skipped="0">
  <testcase classname="districtSecretaryExecutePageClass.PlayerApprovalPageExecuteTestClass" name="verifywithClubRegistredPlayerApproval" time="28.504"/>
  <system-out/>
  <testcase classname="districtSecretaryExecutePageClass.PlayerApprovalPageExecuteTestClass" name="verifywithMoreInfoButton" time="25.004"/>
  <system-out/>
  <testcase classname="districtSecretaryExecutePageClass.PlayerApprovalPageExecuteTestClass" name="verifywithSelfRegistredPlayerApproval" time="28.003"/>
  <system-out/>
</testsuite> <!-- districtSecretaryExecutePageClass.PlayerApprovalPageExecuteTestClass -->
