<?xml version="1.0" encoding="UTF-8"?>
<!-- Generated by org.testng.reporters.JUnitReportReporter -->
<testsuite hostname="DESKTOP-VKDEH0D" failures="0" tests="1" name="districtSecretaryExecutePageClass.PlayerRegistrationExecuteTestClass" time="49.767" errors="0" timestamp="2022-12-30T10:11:52 IST" skipped="0">
  <testcase classname="districtSecretaryExecutePageClass.PlayerRegistrationExecuteTestClass" name="verifyWithPlayerRegistration" time="49.767"/>
  <system-out/>
</testsuite> <!-- districtSecretaryExecutePageClass.PlayerRegistrationExecuteTestClass -->
