<?xml version="1.0" encoding="UTF-8"?>
<!-- Generated by org.testng.reporters.JUnitReportReporter -->
<testsuite hostname="DESKTOP-VKDEH0D" failures="0" tests="1" name="stateSecretaryExecutePageClass.ExecuteLoginPageTestClass" time="18.078" errors="0" timestamp="2022-11-26T22:39:04 IST" skipped="0">
  <testcase classname="stateSecretaryExecutePageClass.ExecuteLoginPageTestClass" name="verifyLoginwithValidUserNameAndValidPassword" time="18.078"/>
  <system-out/>
</testsuite> <!-- stateSecretaryExecutePageClass.ExecuteLoginPageTestClass -->
