<?xml version="1.0" encoding="UTF-8"?>
<!-- Generated by org.testng.reporters.JUnitReportReporter -->
<testsuite hostname="DESKTOP-VKDEH0D" failures="0" tests="1" name="stateSecretaryExecutePageClass.PlayerApprovalExecuteClass" time="13.480" errors="0" timestamp="2022-12-26T14:34:58 IST" skipped="0">
  <testcase classname="stateSecretaryExecutePageClass.PlayerApprovalExecuteClass" name="verifyStateSecretaryCanApproveRegisteredPlayerOrNot" time="13.480"/>
  <system-out/>
</testsuite> <!-- stateSecretaryExecutePageClass.PlayerApprovalExecuteClass -->
