<?xml version="1.0" encoding="UTF-8"?>
<!-- Generated by org.testng.reporters.JUnitReportReporter -->
<testsuite hostname="DESKTOP-VKDEH0D" failures="0" tests="10" name="districtSecretaryExecutePageClass.TournamentApprovalPageExecuteTestClass" time="329.338" errors="0" timestamp="2023-01-30T16:38:08 IST" skipped="0">
  <testcase classname="districtSecretaryExecutePageClass.TournamentApprovalPageExecuteTestClass" name="toVerifySingelsStateLevelTournamentApprovalThatEnrollByAClub" time="28.869"/>
  <system-out/>
  <testcase classname="districtSecretaryExecutePageClass.TournamentApprovalPageExecuteTestClass" name="toVerifySingelsDistrictLevelTournamentApprovalThatEnrollByAClub" time="29.056"/>
  <system-out/>
  <testcase classname="districtSecretaryExecutePageClass.TournamentApprovalPageExecuteTestClass" name="toVerifyPartnerOutsideTheClubDoublesDistrictLevelTournamentApprovalThatEnrollByAClub" time="33.896"/>
  <system-out/>
  <testcase classname="districtSecretaryExecutePageClass.TournamentApprovalPageExecuteTestClass" name="toVerifyPartnerwithinTheClubMixedDoublesDistrictLevelTournamentApprovalThatEnrollByAClub" time="31.202"/>
  <system-out/>
  <testcase classname="districtSecretaryExecutePageClass.TournamentApprovalPageExecuteTestClass" name="toVerifywithinTheClubMixedDoublesStateLevelTournamentApprovalThatEnrollByAClub" time="35.702"/>
  <system-out/>
  <testcase classname="districtSecretaryExecutePageClass.TournamentApprovalPageExecuteTestClass" name="toVerifyWithinTheClubDoublesStateLevelTournamentApprovalThatEnrollByAClub" time="36.003"/>
  <system-out/>
  <testcase classname="districtSecretaryExecutePageClass.TournamentApprovalPageExecuteTestClass" name="toVerifyPartnerOutsideDoublesClubStateLevelApprovalThatEnrollByAClub" time="36.691"/>
  <system-out/>
  <testcase classname="districtSecretaryExecutePageClass.TournamentApprovalPageExecuteTestClass" name="toVerifyPartnerOutsideTheClubMixedDoublesDistrictLevelTournamentApprovalThatEnrollByAClub" time="30.811"/>
  <system-out/>
  <testcase classname="districtSecretaryExecutePageClass.TournamentApprovalPageExecuteTestClass" name="toVerifyPartnerwithinTheClubDoublesDistrictLevelTournamentApprovalThatEnrollByAClub" time="30.951"/>
  <system-out/>
  <testcase classname="districtSecretaryExecutePageClass.TournamentApprovalPageExecuteTestClass" name="toVerifyOutSideTheClubMixedDoublesStateLevelTournamentApprovalThatEnrollByAClub" time="36.157"/>
  <system-out/>
</testsuite> <!-- districtSecretaryExecutePageClass.TournamentApprovalPageExecuteTestClass -->
