<?xml version="1.0" encoding="UTF-8"?>
<!-- Generated by org.testng.reporters.JUnitReportReporter -->
<testsuite hostname="DESKTOP-VKDEH0D" failures="0" tests="4" name="stateSecretaryExecutePageClass.PlayerApprovalExecuteTestClass" time="85.674" errors="0" timestamp="2022-12-30T10:11:52 IST" skipped="0">
  <testcase classname="stateSecretaryExecutePageClass.PlayerApprovalExecuteTestClass" name="verifyWithClubRegisterdPlayerApproval" time="21.573"/>
  <system-out/>
  <testcase classname="stateSecretaryExecutePageClass.PlayerApprovalExecuteTestClass" name="verifyWithDistrictSecretaryRegisterdPlayerApproval" time="22.171"/>
  <system-out/>
  <testcase classname="stateSecretaryExecutePageClass.PlayerApprovalExecuteTestClass" name="verifyWithSelfRegisterdMoreInfo" time="20.217"/>
  <system-out/>
  <testcase classname="stateSecretaryExecutePageClass.PlayerApprovalExecuteTestClass" name="verifyWithSelfRegisterdPlayerApproval" time="21.713"/>
  <system-out/>
</testsuite> <!-- stateSecretaryExecutePageClass.PlayerApprovalExecuteTestClass -->
