<?xml version="1.0" encoding="UTF-8"?>
<!-- Generated by org.testng.reporters.JUnitReportReporter -->
<testsuite hostname="DESKTOP-VKDEH0D" failures="0" tests="1" name="homePageExecutePageClass.playerSelfRegistrationExecuteTestClass" time="46.450" errors="0" timestamp="2022-12-30T10:11:52 IST" skipped="0">
  <testcase classname="homePageExecutePageClass.playerSelfRegistrationExecuteTestClass" name="verifyWhetherThePlayersuccessfullyDoTheRegistrationorNot" time="46.450"/>
  <system-out/>
</testsuite> <!-- homePageExecutePageClass.playerSelfRegistrationExecuteTestClass -->
